0 info it worked if it ends with ok
1 verbose cli [ '/usr/local/bin/node',
1 verbose cli   '/Users/surynmar/Documents/WD/Uceni/Uceni/electron/myDemo/node_modules/.bin/npm',
1 verbose cli   'run',
1 verbose cli   'electron-rebuild' ]
2 info using npm@2.15.10
3 info using node@v5.10.1
4 verbose run-script [ 'preelectron-rebuild',
4 verbose run-script   'electron-rebuild',
4 verbose run-script   'postelectron-rebuild' ]
5 info preelectron-rebuild electron-starter@0.1.0
6 info electron-rebuild electron-starter@0.1.0
7 verbose unsafe-perm in lifecycle true
8 info electron-starter@0.1.0 Failed to exec electron-rebuild script
9 verbose stack Error: electron-starter@0.1.0 electron-rebuild: `electron-rebuild`
9 verbose stack spawn ENOENT
9 verbose stack     at ChildProcess.<anonymous> (/Users/surynmar/Documents/WD/Uceni/Uceni/electron/myDemo/node_modules/npm/lib/utils/spawn.js:17:16)
9 verbose stack     at emitTwo (events.js:100:13)
9 verbose stack     at ChildProcess.emit (events.js:185:7)
9 verbose stack     at maybeClose (internal/child_process.js:850:16)
9 verbose stack     at Process.ChildProcess._handle.onexit (internal/child_process.js:215:5)
10 verbose pkgid electron-starter@0.1.0
11 verbose cwd /Users/surynmar/Documents/WD/Uceni/Uceni/electron/myDemo
12 error Darwin 15.4.0
13 error argv "/usr/local/bin/node" "/Users/surynmar/Documents/WD/Uceni/Uceni/electron/myDemo/node_modules/.bin/npm" "run" "electron-rebuild"
14 error node v5.10.1
15 error npm  v2.15.10
16 error file sh
17 error code ELIFECYCLE
18 error errno ENOENT
19 error syscall spawn
20 error electron-starter@0.1.0 electron-rebuild: `electron-rebuild`
20 error spawn ENOENT
21 error Failed at the electron-starter@0.1.0 electron-rebuild script 'electron-rebuild'.
21 error This is most likely a problem with the electron-starter package,
21 error not with npm itself.
21 error Tell the author that this fails on your system:
21 error     electron-rebuild
21 error You can get information on how to open an issue for this project with:
21 error     npm bugs electron-starter
21 error Or if that isn't available, you can get their info via:
21 error
21 error     npm owner ls electron-starter
21 error There is likely additional logging output above.
22 verbose exit [ 1, true ]
